undefined
server start at http://localhost:3010
Error: 123
    at /Users/Jay/Practice/node/Express/Express教程/realworld-express/router/user.js:14:9
    at Layer.handle [as handle_request] (/Users/Jay/Practice/node/Express/Express教程/realworld-express/node_modules/express/lib/router/layer.js:95:5)
    at next (/Users/Jay/Practice/node/Express/Express教程/realworld-express/node_modules/express/lib/router/route.js:144:13)
    at Route.dispatch (/Users/Jay/Practice/node/Express/Express教程/realworld-express/node_modules/express/lib/router/route.js:114:3)
    at Layer.handle [as handle_request] (/Users/Jay/Practice/node/Express/Express教程/realworld-express/node_modules/express/lib/router/layer.js:95:5)
    at /Users/Jay/Practice/node/Express/Express教程/realworld-express/node_modules/express/lib/router/index.js:284:15
    at Function.process_params (/Users/Jay/Practice/node/Express/Express教程/realworld-express/node_modules/express/lib/router/index.js:346:12)
    at next (/Users/Jay/Practice/node/Express/Express教程/realworld-express/node_modules/express/lib/router/index.js:280:10)
    at Function.handle (/Users/Jay/Practice/node/Express/Express教程/realworld-express/node_modules/express/lib/router/index.js:175:3)
    at router (/Users/Jay/Practice/node/Express/Express教程/realworld-express/node_modules/express/lib/router/index.js:47:12)
undefined
server start at http://localhost:3010
Error: 123
    at /Users/Jay/Practice/node/Express/Express教程/realworld-express/router/user.js:14:9
    at Layer.handle [as handle_request] (/Users/Jay/Practice/node/Express/Express教程/realworld-express/node_modules/express/lib/router/layer.js:95:5)
    at next (/Users/Jay/Practice/node/Express/Express教程/realworld-express/node_modules/express/lib/router/route.js:144:13)
    at Route.dispatch (/Users/Jay/Practice/node/Express/Express教程/realworld-express/node_modules/express/lib/router/route.js:114:3)
    at Layer.handle [as handle_request] (/Users/Jay/Practice/node/Express/Express教程/realworld-express/node_modules/express/lib/router/layer.js:95:5)
    at /Users/Jay/Practice/node/Express/Express教程/realworld-express/node_modules/express/lib/router/index.js:284:15
    at Function.process_params (/Users/Jay/Practice/node/Express/Express教程/realworld-express/node_modules/express/lib/router/index.js:346:12)
    at next (/Users/Jay/Practice/node/Express/Express教程/realworld-express/node_modules/express/lib/router/index.js:280:10)
    at Function.handle (/Users/Jay/Practice/node/Express/Express教程/realworld-express/node_modules/express/lib/router/index.js:175:3)
    at router (/Users/Jay/Practice/node/Express/Express教程/realworld-express/node_modules/express/lib/router/index.js:47:12)
Error: 123
    at /Users/Jay/Practice/node/Express/Express教程/realworld-express/router/user.js:14:9
    at Layer.handle [as handle_request] (/Users/Jay/Practice/node/Express/Express教程/realworld-express/node_modules/express/lib/router/layer.js:95:5)
    at next (/Users/Jay/Practice/node/Express/Express教程/realworld-express/node_modules/express/lib/router/route.js:144:13)
    at Route.dispatch (/Users/Jay/Practice/node/Express/Express教程/realworld-express/node_modules/express/lib/router/route.js:114:3)
    at Layer.handle [as handle_request] (/Users/Jay/Practice/node/Express/Express教程/realworld-express/node_modules/express/lib/router/layer.js:95:5)
    at /Users/Jay/Practice/node/Express/Express教程/realworld-express/node_modules/express/lib/router/index.js:284:15
    at Function.process_params (/Users/Jay/Practice/node/Express/Express教程/realworld-express/node_modules/express/lib/router/index.js:346:12)
    at next (/Users/Jay/Practice/node/Express/Express教程/realworld-express/node_modules/express/lib/router/index.js:280:10)
    at Function.handle (/Users/Jay/Practice/node/Express/Express教程/realworld-express/node_modules/express/lib/router/index.js:175:3)
    at router (/Users/Jay/Practice/node/Express/Express教程/realworld-express/node_modules/express/lib/router/index.js:47:12)
Error: 123
    at /Users/Jay/Practice/node/Express/Express教程/realworld-express/router/user.js:14:9
    at Layer.handle [as handle_request] (/Users/Jay/Practice/node/Express/Express教程/realworld-express/node_modules/express/lib/router/layer.js:95:5)
    at next (/Users/Jay/Practice/node/Express/Express教程/realworld-express/node_modules/express/lib/router/route.js:144:13)
    at Route.dispatch (/Users/Jay/Practice/node/Express/Express教程/realworld-express/node_modules/express/lib/router/route.js:114:3)
    at Layer.handle [as handle_request] (/Users/Jay/Practice/node/Express/Express教程/realworld-express/node_modules/express/lib/router/layer.js:95:5)
    at /Users/Jay/Practice/node/Express/Express教程/realworld-express/node_modules/express/lib/router/index.js:284:15
    at Function.process_params (/Users/Jay/Practice/node/Express/Express教程/realworld-express/node_modules/express/lib/router/index.js:346:12)
    at next (/Users/Jay/Practice/node/Express/Express教程/realworld-express/node_modules/express/lib/router/index.js:280:10)
    at Function.handle (/Users/Jay/Practice/node/Express/Express教程/realworld-express/node_modules/express/lib/router/index.js:175:3)
    at router (/Users/Jay/Practice/node/Express/Express教程/realworld-express/node_modules/express/lib/router/index.js:47:12)
Error: 123
    at /Users/Jay/Practice/node/Express/Express教程/realworld-express/router/user.js:14:9
    at Layer.handle [as handle_request] (/Users/Jay/Practice/node/Express/Express教程/realworld-express/node_modules/express/lib/router/layer.js:95:5)
    at next (/Users/Jay/Practice/node/Express/Express教程/realworld-express/node_modules/express/lib/router/route.js:144:13)
    at Route.dispatch (/Users/Jay/Practice/node/Express/Express教程/realworld-express/node_modules/express/lib/router/route.js:114:3)
    at Layer.handle [as handle_request] (/Users/Jay/Practice/node/Express/Express教程/realworld-express/node_modules/express/lib/router/layer.js:95:5)
    at /Users/Jay/Practice/node/Express/Express教程/realworld-express/node_modules/express/lib/router/index.js:284:15
    at Function.process_params (/Users/Jay/Practice/node/Express/Express教程/realworld-express/node_modules/express/lib/router/index.js:346:12)
    at next (/Users/Jay/Practice/node/Express/Express教程/realworld-express/node_modules/express/lib/router/index.js:280:10)
    at Function.handle (/Users/Jay/Practice/node/Express/Express教程/realworld-express/node_modules/express/lib/router/index.js:175:3)
    at router (/Users/Jay/Practice/node/Express/Express教程/realworld-express/node_modules/express/lib/router/index.js:47:12)
Error: 123
    at /Users/Jay/Practice/node/Express/Express教程/realworld-express/router/user.js:14:9
    at Layer.handle [as handle_request] (/Users/Jay/Practice/node/Express/Express教程/realworld-express/node_modules/express/lib/router/layer.js:95:5)
    at next (/Users/Jay/Practice/node/Express/Express教程/realworld-express/node_modules/express/lib/router/route.js:144:13)
    at Route.dispatch (/Users/Jay/Practice/node/Express/Express教程/realworld-express/node_modules/express/lib/router/route.js:114:3)
    at Layer.handle [as handle_request] (/Users/Jay/Practice/node/Express/Express教程/realworld-express/node_modules/express/lib/router/layer.js:95:5)
    at /Users/Jay/Practice/node/Express/Express教程/realworld-express/node_modules/express/lib/router/index.js:284:15
    at Function.process_params (/Users/Jay/Practice/node/Express/Express教程/realworld-express/node_modules/express/lib/router/index.js:346:12)
    at next (/Users/Jay/Practice/node/Express/Express教程/realworld-express/node_modules/express/lib/router/index.js:280:10)
    at Function.handle (/Users/Jay/Practice/node/Express/Express教程/realworld-express/node_modules/express/lib/router/index.js:175:3)
    at router (/Users/Jay/Practice/node/Express/Express教程/realworld-express/node_modules/express/lib/router/index.js:47:12)
Error: 123
    at /Users/Jay/Practice/node/Express/Express教程/realworld-express/router/user.js:14:9
    at Layer.handle [as handle_request] (/Users/Jay/Practice/node/Express/Express教程/realworld-express/node_modules/express/lib/router/layer.js:95:5)
    at next (/Users/Jay/Practice/node/Express/Express教程/realworld-express/node_modules/express/lib/router/route.js:144:13)
    at Route.dispatch (/Users/Jay/Practice/node/Express/Express教程/realworld-express/node_modules/express/lib/router/route.js:114:3)
    at Layer.handle [as handle_request] (/Users/Jay/Practice/node/Express/Express教程/realworld-express/node_modules/express/lib/router/layer.js:95:5)
    at /Users/Jay/Practice/node/Express/Express教程/realworld-express/node_modules/express/lib/router/index.js:284:15
    at Function.process_params (/Users/Jay/Practice/node/Express/Express教程/realworld-express/node_modules/express/lib/router/index.js:346:12)
    at next (/Users/Jay/Practice/node/Express/Express教程/realworld-express/node_modules/express/lib/router/index.js:280:10)
    at Function.handle (/Users/Jay/Practice/node/Express/Express教程/realworld-express/node_modules/express/lib/router/index.js:175:3)
    at router (/Users/Jay/Practice/node/Express/Express教程/realworld-express/node_modules/express/lib/router/index.js:47:12)
undefined
server start at http://localhost:3010
Error: 123
    at /Users/Jay/Practice/node/Express/Express教程/realworld-express/router/user.js:14:9
    at Layer.handle [as handle_request] (/Users/Jay/Practice/node/Express/Express教程/realworld-express/node_modules/express/lib/router/layer.js:95:5)
    at next (/Users/Jay/Practice/node/Express/Express教程/realworld-express/node_modules/express/lib/router/route.js:144:13)
    at Route.dispatch (/Users/Jay/Practice/node/Express/Express教程/realworld-express/node_modules/express/lib/router/route.js:114:3)
    at Layer.handle [as handle_request] (/Users/Jay/Practice/node/Express/Express教程/realworld-express/node_modules/express/lib/router/layer.js:95:5)
    at /Users/Jay/Practice/node/Express/Express教程/realworld-express/node_modules/express/lib/router/index.js:284:15
    at Function.process_params (/Users/Jay/Practice/node/Express/Express教程/realworld-express/node_modules/express/lib/router/index.js:346:12)
    at next (/Users/Jay/Practice/node/Express/Express教程/realworld-express/node_modules/express/lib/router/index.js:280:10)
    at Function.handle (/Users/Jay/Practice/node/Express/Express教程/realworld-express/node_modules/express/lib/router/index.js:175:3)
    at router (/Users/Jay/Practice/node/Express/Express教程/realworld-express/node_modules/express/lib/router/index.js:47:12)
Error: 123
    at /Users/Jay/Practice/node/Express/Express教程/realworld-express/router/user.js:14:9
    at Layer.handle [as handle_request] (/Users/Jay/Practice/node/Express/Express教程/realworld-express/node_modules/express/lib/router/layer.js:95:5)
    at next (/Users/Jay/Practice/node/Express/Express教程/realworld-express/node_modules/express/lib/router/route.js:144:13)
    at Route.dispatch (/Users/Jay/Practice/node/Express/Express教程/realworld-express/node_modules/express/lib/router/route.js:114:3)
    at Layer.handle [as handle_request] (/Users/Jay/Practice/node/Express/Express教程/realworld-express/node_modules/express/lib/router/layer.js:95:5)
    at /Users/Jay/Practice/node/Express/Express教程/realworld-express/node_modules/express/lib/router/index.js:284:15
    at Function.process_params (/Users/Jay/Practice/node/Express/Express教程/realworld-express/node_modules/express/lib/router/index.js:346:12)
    at next (/Users/Jay/Practice/node/Express/Express教程/realworld-express/node_modules/express/lib/router/index.js:280:10)
    at Function.handle (/Users/Jay/Practice/node/Express/Express教程/realworld-express/node_modules/express/lib/router/index.js:175:3)
    at router (/Users/Jay/Practice/node/Express/Express教程/realworld-express/node_modules/express/lib/router/index.js:47:12)
Error: 123
    at /Users/Jay/Practice/node/Express/Express教程/realworld-express/router/user.js:14:9
    at Layer.handle [as handle_request] (/Users/Jay/Practice/node/Express/Express教程/realworld-express/node_modules/express/lib/router/layer.js:95:5)
    at next (/Users/Jay/Practice/node/Express/Express教程/realworld-express/node_modules/express/lib/router/route.js:144:13)
    at Route.dispatch (/Users/Jay/Practice/node/Express/Express教程/realworld-express/node_modules/express/lib/router/route.js:114:3)
    at Layer.handle [as handle_request] (/Users/Jay/Practice/node/Express/Express教程/realworld-express/node_modules/express/lib/router/layer.js:95:5)
    at /Users/Jay/Practice/node/Express/Express教程/realworld-express/node_modules/express/lib/router/index.js:284:15
    at Function.process_params (/Users/Jay/Practice/node/Express/Express教程/realworld-express/node_modules/express/lib/router/index.js:346:12)
    at next (/Users/Jay/Practice/node/Express/Express教程/realworld-express/node_modules/express/lib/router/index.js:280:10)
    at Function.handle (/Users/Jay/Practice/node/Express/Express教程/realworld-express/node_modules/express/lib/router/index.js:175:3)
    at router (/Users/Jay/Practice/node/Express/Express教程/realworld-express/node_modules/express/lib/router/index.js:47:12)
Error: 123
    at /Users/Jay/Practice/node/Express/Express教程/realworld-express/router/user.js:14:9
    at Layer.handle [as handle_request] (/Users/Jay/Practice/node/Express/Express教程/realworld-express/node_modules/express/lib/router/layer.js:95:5)
    at next (/Users/Jay/Practice/node/Express/Express教程/realworld-express/node_modules/express/lib/router/route.js:144:13)
    at Route.dispatch (/Users/Jay/Practice/node/Express/Express教程/realworld-express/node_modules/express/lib/router/route.js:114:3)
    at Layer.handle [as handle_request] (/Users/Jay/Practice/node/Express/Express教程/realworld-express/node_modules/express/lib/router/layer.js:95:5)
    at /Users/Jay/Practice/node/Express/Express教程/realworld-express/node_modules/express/lib/router/index.js:284:15
    at Function.process_params (/Users/Jay/Practice/node/Express/Express教程/realworld-express/node_modules/express/lib/router/index.js:346:12)
    at next (/Users/Jay/Practice/node/Express/Express教程/realworld-express/node_modules/express/lib/router/index.js:280:10)
    at Function.handle (/Users/Jay/Practice/node/Express/Express教程/realworld-express/node_modules/express/lib/router/index.js:175:3)
    at router (/Users/Jay/Practice/node/Express/Express教程/realworld-express/node_modules/express/lib/router/index.js:47:12)
undefined
server start at http://localhost:3010
Error: 123
    at /Users/Jay/Practice/node/Express/Express教程/realworld-express/router/user.js:14:9
    at Layer.handle [as handle_request] (/Users/Jay/Practice/node/Express/Express教程/realworld-express/node_modules/express/lib/router/layer.js:95:5)
    at next (/Users/Jay/Practice/node/Express/Express教程/realworld-express/node_modules/express/lib/router/route.js:144:13)
    at Route.dispatch (/Users/Jay/Practice/node/Express/Express教程/realworld-express/node_modules/express/lib/router/route.js:114:3)
    at Layer.handle [as handle_request] (/Users/Jay/Practice/node/Express/Express教程/realworld-express/node_modules/express/lib/router/layer.js:95:5)
    at /Users/Jay/Practice/node/Express/Express教程/realworld-express/node_modules/express/lib/router/index.js:284:15
    at Function.process_params (/Users/Jay/Practice/node/Express/Express教程/realworld-express/node_modules/express/lib/router/index.js:346:12)
    at next (/Users/Jay/Practice/node/Express/Express教程/realworld-express/node_modules/express/lib/router/index.js:280:10)
    at Function.handle (/Users/Jay/Practice/node/Express/Express教程/realworld-express/node_modules/express/lib/router/index.js:175:3)
    at router (/Users/Jay/Practice/node/Express/Express教程/realworld-express/node_modules/express/lib/router/index.js:47:12)
undefined
server start at http://localhost:3010
Error: 123
    at /Users/Jay/Practice/node/Express/Express教程/realworld-express/router/user.js:14:9
    at Layer.handle [as handle_request] (/Users/Jay/Practice/node/Express/Express教程/realworld-express/node_modules/express/lib/router/layer.js:95:5)
    at next (/Users/Jay/Practice/node/Express/Express教程/realworld-express/node_modules/express/lib/router/route.js:144:13)
    at Route.dispatch (/Users/Jay/Practice/node/Express/Express教程/realworld-express/node_modules/express/lib/router/route.js:114:3)
    at Layer.handle [as handle_request] (/Users/Jay/Practice/node/Express/Express教程/realworld-express/node_modules/express/lib/router/layer.js:95:5)
    at /Users/Jay/Practice/node/Express/Express教程/realworld-express/node_modules/express/lib/router/index.js:284:15
    at Function.process_params (/Users/Jay/Practice/node/Express/Express教程/realworld-express/node_modules/express/lib/router/index.js:346:12)
    at next (/Users/Jay/Practice/node/Express/Express教程/realworld-express/node_modules/express/lib/router/index.js:280:10)
    at Function.handle (/Users/Jay/Practice/node/Express/Express教程/realworld-express/node_modules/express/lib/router/index.js:175:3)
    at router (/Users/Jay/Practice/node/Express/Express教程/realworld-express/node_modules/express/lib/router/index.js:47:12)
